<?xml version="1.0" encoding="UTF-8"?>
<!-- Generated by org.testng.reporters.JUnitReportReporter -->
<testsuite hostname="sudhanshu" name="demo.SumValidation" tests="1" failures="0" timestamp="22 Sep 2020 13:41:56 GMT" time="2.613" errors="0">
  <testcase name="sumOfCourses" time="2.613" classname="demo.SumValidation"/>
</testsuite> <!-- demo.SumValidation -->
