<?xml version="1.0" encoding="UTF-8"?>
<!-- Generated by org.testng.reporters.JUnitReportReporter -->
<testsuite hostname="sudhanshu" name="LibraryApi.DynamicJson" tests="1" failures="0" timestamp="13 Oct 2020 19:20:09 GMT" time="5.475" errors="0">
  <testcase name="addBook" time="5.475" classname="LibraryApi.DynamicJson"/>
</testsuite> <!-- LibraryApi.DynamicJson -->
