<?xml version="1.0" encoding="UTF-8"?>
<!-- Generated by org.testng.reporters.JUnitReportReporter -->
<testsuite hostname="sudhanshu" name="LibraryApi.AddBookVariableDataProvider" tests="3" failures="0" timestamp="17 Oct 2020 17:24:16 GMT" time="5.358" errors="0">
  <testcase name="addBook" time="0.332" classname="LibraryApi.AddBookVariableDataProvider"/>
  <testcase name="addBook" time="0.264" classname="LibraryApi.AddBookVariableDataProvider"/>
  <testcase name="addBook" time="4.762" classname="LibraryApi.AddBookVariableDataProvider"/>
</testsuite> <!-- LibraryApi.AddBookVariableDataProvider -->
