<?xml version="1.0" encoding="UTF-8"?>
<!-- Generated by org.testng.reporters.JUnitReportReporter -->
<testsuite hostname="sudhanshu" name="LibraryApi.AddBookVarible" tests="1" failures="0" timestamp="17 Oct 2020 17:29:12 GMT" time="5.671" errors="0">
  <testcase name="addBook" time="5.671" classname="LibraryApi.AddBookVarible"/>
</testsuite> <!-- LibraryApi.AddBookVarible -->
