<?xml version="1.0" encoding="UTF-8"?>
<!-- Generated by org.testng.reporters.JUnitReportReporter -->
<testsuite hostname="sudhanshu" name="LibraryApi.AddBookVaribl" tests="1" failures="0" timestamp="17 Oct 2020 14:29:25 GMT" time="5.507" errors="0">
  <testcase name="addBook" time="5.507" classname="LibraryApi.AddBookVaribl"/>
</testsuite> <!-- LibraryApi.AddBookVaribl -->
